<?xml version='1.0' encoding='UTF-8'?>
<testsuite hostname="kanuckles" name="ArithmeticSpec" tests="5" errors="0" failures="0" time="0.001">
                     <properties>
[...]
</properties>
                     <testcase classname="ArithmeticSpec" name="Plus should add two number values and return a number" time="0.001">
                                                 
                                               </testcase><testcase classname="ArithmeticSpec" name="Minus should subtract two number values and return a number" time="0.0">
                                                 
                                               </testcase><testcase classname="ArithmeticSpec" name="Times should multiply two number values and return a number" time="0.0">
                                                 
                                               </testcase><testcase classname="ArithmeticSpec" name="Div should divide two number values and return a number" time="0.0">
                                                 
                                               </testcase><testcase classname="ArithmeticSpec" name="Arithmetic Operators should produce non-intuitive solutions given differing expression types" time="0.0">
                                                 
                                               </testcase>
                     <system-out></system-out>
                     <system-err></system-err>
                   </testsuite>